[21:48:06] [ServerMain/INFO]: Environment: authHost='https://authserver.mojang.com', accountsHost='https://api.mojang.com', sessionHost='https://sessionserver.mojang.com', servicesHost='https://api.minecraftservices.com', name='PROD'
[21:48:06] [ServerMain/INFO]: Found new data pack file/bukkit, loading it automatically
[21:48:08] [ServerMain/INFO]: Loaded 7 recipes
[21:48:09] [Server thread/INFO]: Starting minecraft server version 1.20.1
[21:48:09] [Server thread/INFO]: Loading properties
[21:48:09] [Server thread/INFO]: This server is running Paper version git-Paper-196 (MC: 1.20.1) (Implementing API version 1.20.1-R0.1-SNAPSHOT) (Git: 773dd72)
[21:48:10] [Server thread/INFO]: Server Ping Player Sample Count: 12
[21:48:10] [Server thread/INFO]: Using 4 threads for Netty based IO
[21:48:10] [Server thread/INFO]: [ChunkTaskScheduler] Chunk system is using 1 I/O threads, 1 worker threads, and gen parallelism of 1 threads
[21:48:11] [Server thread/WARN]: [!] The timings profiler has been enabled but has been scheduled for removal from Paper in the future.
    We recommend installing the spark profiler as a replacement: https://spark.lucko.me/
    For more information please visit: https://github.com/PaperMC/Paper/issues/8948
[21:48:11] [Server thread/INFO]: Default game type: SURVIVAL
[21:48:11] [Server thread/INFO]: Generating keypair
[21:48:11] [Server thread/INFO]: Starting Minecraft server on *:25565
[21:48:11] [Server thread/INFO]: Using epoll channel type
[21:48:11] [Server thread/INFO]: Paper: Using libdeflate (Linux x86_64) compression from Velocity.
[21:48:11] [Server thread/INFO]: Paper: Using OpenSSL 1.1.x (Linux x86_64) cipher from Velocity.
[21:48:11] [Server thread/WARN]: **** SERVER IS RUNNING IN OFFLINE/INSECURE MODE!
[21:48:11] [Server thread/WARN]: The server will make no attempt to authenticate usernames. Beware.
[21:48:11] [Server thread/WARN]: While this makes the game possible to play without internet access, it also opens up the ability for hackers to connect with any username they choose.
[21:48:11] [Server thread/WARN]: To change this, set "online-mode" to "true" in the server.properties file.
[21:48:11] [Server thread/INFO]: Preparing level "world"
[21:48:26] [Server thread/INFO]: Preparing start region for dimension minecraft:overworld
[21:48:26] [Server thread/INFO]: Time elapsed: 371 ms
[21:48:26] [Server thread/INFO]: Preparing start region for dimension minecraft:the_nether
[21:48:26] [Server thread/INFO]: Time elapsed: 100 ms
[21:48:26] [Server thread/INFO]: Preparing start region for dimension minecraft:the_end
[21:48:27] [Server thread/INFO]: Time elapsed: 132 ms
[21:48:27] [Server thread/INFO]: Running delayed init tasks
[21:48:27] [Server thread/INFO]: Done (17.513s)! For help, type "help"
[21:48:27] [Server thread/INFO]: Timings Reset
[21:52:26] [Server thread/INFO]: Stopping the server
[21:52:26] [Server thread/INFO]: Stopping server
[21:52:26] [Server thread/INFO]: Saving players
[21:52:26] [Server thread/INFO]: Saving worlds
[21:52:26] [Server thread/INFO]: Saving chunks for level 'ServerLevel[world]'/minecraft:overworld
[21:52:26] [Server thread/INFO]: [ChunkHolderManager] Waiting 60s for chunk system to halt for world 'world'
[21:52:26] [Server thread/INFO]: [ChunkHolderManager] Halted chunk system for world 'world'
[21:52:26] [Server thread/INFO]: [ChunkHolderManager] Saving all chunkholders for world 'world'
[21:52:29] [Server thread/INFO]: [ChunkHolderManager] Saved 2025 block chunks, 529 entity chunks, 2 poi chunks in world 'world' in 3.00s
[21:52:30] [Server thread/INFO]: ThreadedAnvilChunkStorage (world): All chunks are saved
[21:52:30] [Server thread/INFO]: Saving chunks for level 'ServerLevel[world_nether]'/minecraft:the_nether
[21:52:30] [Server thread/INFO]: [ChunkHolderManager] Waiting 60s for chunk system to halt for world 'world_nether'
[21:52:30] [Server thread/INFO]: [ChunkHolderManager] Halted chunk system for world 'world_nether'
[21:52:30] [Server thread/INFO]: [ChunkHolderManager] Saving all chunkholders for world 'world_nether'
[21:52:31] [Server thread/INFO]: [ChunkHolderManager] Saved 2025 block chunks, 529 entity chunks, 0 poi chunks in world 'world_nether' in 1.36s
[21:52:31] [Server thread/INFO]: ThreadedAnvilChunkStorage (DIM-1): All chunks are saved
[21:52:31] [Server thread/INFO]: Saving chunks for level 'ServerLevel[world_the_end]'/minecraft:the_end
[21:52:31] [Server thread/INFO]: [ChunkHolderManager] Waiting 60s for chunk system to halt for world 'world_the_end'
[21:52:31] [Server thread/INFO]: [ChunkHolderManager] Halted chunk system for world 'world_the_end'
[21:52:31] [Server thread/INFO]: [ChunkHolderManager] Saving all chunkholders for world 'world_the_end'
[21:52:32] [Server thread/INFO]: [ChunkHolderManager] Saved 2025 block chunks, 529 entity chunks, 0 poi chunks in world 'world_the_end' in 0.87s
[21:52:32] [Server thread/INFO]: ThreadedAnvilChunkStorage (DIM1): All chunks are saved
[21:52:32] [Server thread/INFO]: ThreadedAnvilChunkStorage: All dimensions are saved
[21:52:32] [Server thread/INFO]: Flushing Chunk IO
[21:52:32] [Server thread/INFO]: Closing Thread Pool
[21:52:32] [Server thread/INFO]: Closing Server
